[02:21:33] [ServerMain/INFO]: Environment: Environment[sessionHost=https://sessionserver.mojang.com, servicesHost=https://api.minecraftservices.com, name=PROD]
[02:21:35] [ServerMain/INFO]: Loaded 1290 recipes
[02:21:36] [ServerMain/INFO]: Loaded 1399 advancements
[02:21:36] [Server thread/INFO]: Starting minecraft server version 1.21
[02:21:36] [Server thread/INFO]: Loading properties
[02:21:36] [Server thread/INFO]: Default game type: SURVIVAL
[02:21:36] [Server thread/INFO]: Generating keypair
[02:21:37] [Server thread/INFO]: Starting Minecraft server on *:25565
[02:21:37] [Server thread/INFO]: Using epoll channel type
[02:21:37] [Server thread/WARN]: **** SERVER IS RUNNING IN OFFLINE/INSECURE MODE!
[02:21:37] [Server thread/WARN]: The server will make no attempt to authenticate usernames. Beware.
[02:21:37] [Server thread/WARN]: While this makes the game possible to play without internet access, it also opens up the ability for hackers to connect with any username they choose.
[02:21:37] [Server thread/WARN]: To change this, set "online-mode" to "true" in the server.properties file.
[02:21:37] [Server thread/INFO]: Preparing level "world"
[02:21:43] [Server thread/INFO]: Preparing start region for dimension minecraft:overworld
[02:21:44] [Worker-Main-1/INFO]: Preparing spawn area: 0%
[02:21:44] [Worker-Main-1/INFO]: Preparing spawn area: 0%
[02:21:44] [Server thread/INFO]: Time elapsed: 947 ms
[02:21:44] [Server thread/INFO]: Done (6.821s)! For help, type "help"
[02:22:34] [Server thread/INFO]: euckarino[/100.97.166.27:49944] logged in with entity id 33 at (-187.69999998807907, 82.0, -104.30000001192093)
[02:22:34] [Server thread/INFO]: euckarino joined the game
[02:25:40] [Server thread/INFO]: euckarino lost connection: Disconnected
[02:25:40] [Server thread/INFO]: euckarino left the game
[02:26:24] [Server thread/INFO]: euckarino[/100.97.166.27:49998] logged in with entity id 466 at (-204.30000001192093, 81.0, -90.30000001192093)
[02:26:24] [Server thread/INFO]: euckarino joined the game
[02:26:26] [Server thread/INFO]: euckarino lost connection: Disconnected
[02:26:26] [Server thread/INFO]: euckarino left the game
[02:28:42] [Server thread/INFO]: euckarino[/100.97.166.27:50013] logged in with entity id 611 at (-204.30000001192093, 81.0, -90.30000001192093)
[02:28:42] [Server thread/INFO]: euckarino joined the game
